<?xml version="1.0" encoding="UTF-8"?>
<!-- Generated by org.testng.reporters.JUnitReportReporter -->
<testsuite skipped="0" hostname="esat" name="academy.home" tests="1" failures="0" timestamp="14 Mar 2020 18:31:10 GMT" time="4.004" errors="0">
  <testcase name="HomePageTest" time="4.004" classname="academy.home"/>
</testsuite> <!-- academy.home -->
