<?xml version="1.0" encoding="UTF-8"?>
<!-- Generated by org.testng.reporters.JUnitReportReporter -->
<testsuite skipped="0" hostname="esat" name="cucumberOptions.TestRunner" tests="1" failures="0" timestamp="14 Mar 2020 18:41:46 GMT" time="15.583" errors="0">
  <testcase name="feature" time="15.583" classname="cucumberOptions.TestRunner"/>
</testsuite> <!-- cucumberOptions.TestRunner -->
