<?xml version="1.0" encoding="UTF-8"?>
<!-- Generated by org.testng.reporters.JUnitReportReporter -->
<testsuite skipped="0" hostname="esat" name="cucumberOptions.TestRunner" tests="1" failures="0" timestamp="17 Mar 2020 05:10:02 GMT" time="30.659" errors="0">
  <testcase name="feature" time="30.659" classname="cucumberOptions.TestRunner"/>
</testsuite> <!-- cucumberOptions.TestRunner -->
